[0.058s] Invoking command in '/home/hkim/development/tello_ros_ws/build/orbslam3': CMAKE_PREFIX_PATH=${CMAKE_PREFIX_PATH}:/opt/ros/foxy /usr/bin/cmake --build /home/hkim/development/tello_ros_ws/build/orbslam3 -- -j4 -l4
[0.116s] -- Found ament_cmake: 0.9.12 (/opt/ros/foxy/share/ament_cmake/cmake)
[0.165s] -- Using PYTHON_EXECUTABLE: /usr/bin/python3
[0.704s] -- Found rclcpp: 2.4.3 (/opt/ros/foxy/share/rclcpp/cmake)
[0.780s] -- Using all available rosidl_typesupport_c: rosidl_typesupport_fastrtps_c;rosidl_typesupport_introspection_c
[0.787s] -- Found rosidl_adapter: 1.3.1 (/opt/ros/foxy/share/rosidl_adapter/cmake)
[1.003s] -- Using all available rosidl_typesupport_cpp: rosidl_typesupport_fastrtps_cpp;rosidl_typesupport_introspection_cpp
[1.097s] -- Found rmw_implementation_cmake: 1.0.4 (/opt/ros/foxy/share/rmw_implementation_cmake/cmake)
[1.101s] -- Using RMW implementation 'rmw_fastrtps_cpp' as default
[1.457s] -- Found sensor_msgs: 2.0.5 (/opt/ros/foxy/share/sensor_msgs/cmake)
[1.707s] -- Found cv_bridge: 3.0.7 (/opt/ros/foxy/share/cv_bridge/cmake)
[1.737s] -- Found message_filters: 3.2.7 (/opt/ros/foxy/share/message_filters/cmake)
[1.861s] -- Configuring done
[1.951s] -- Generating done
[1.954s] -- Build files have been written to: /home/hkim/development/tello_ros_ws/build/orbslam3
[2.001s] [35m[1mScanning dependencies of target stereo[0m
[2.001s] [35m[1mScanning dependencies of target rgbd[0m
[2.001s] [35m[1mScanning dependencies of target mono[0m
[2.004s] [35m[1mScanning dependencies of target stereo-inertial[0m
[2.158s] [  8%] [32mBuilding CXX object CMakeFiles/mono.dir/src/monocular/mono.cpp.o[0m
[2.159s] [ 16%] [32mBuilding CXX object CMakeFiles/rgbd.dir/src/rgbd/rgbd.cpp.o[0m
[2.161s] [ 25%] [32mBuilding CXX object CMakeFiles/stereo.dir/src/stereo/stereo.cpp.o[0m
[2.161s] [ 33%] [32mBuilding CXX object CMakeFiles/stereo-inertial.dir/src/stereo-inertial/stereo-inertial.cpp.o[0m
[2.595s] In file included from [01m[K/home/hkim/development/downloads/ORB_SLAM3/include/MapPoint.h:23[m[K,
[2.595s]                  from [01m[K/home/hkim/development/downloads/ORB_SLAM3/include/FrameDrawer.h:24[m[K,
[2.596s]                  from [01m[K/home/hkim/development/downloads/ORB_SLAM3/include/Viewer.h:23[m[K,
[2.596s]                  from [01m[K/home/hkim/development/downloads/ORB_SLAM3/include/Tracking.h:26[m[K,
[2.596s]                  from [01m[K/home/hkim/development/downloads/ORB_SLAM3/include/System.h:31[m[K,
[2.596s]                  from [01m[K/home/hkim/development/tello_ros_ws/src/orbslam3_ros2/src/monocular/monocular-slam-node.hpp:9[m[K,
[2.596s]                  from [01m[K/home/hkim/development/tello_ros_ws/src/orbslam3_ros2/src/monocular/mono.cpp:7[m[K:
[2.596s] [01m[K/home/hkim/development/downloads/ORB_SLAM3/include/KeyFrame.h:24:10:[m[K [01;31m[Kfatal error: [m[KThirdparty/DBoW2/DBoW2/BowVector.h: No such file or directory
[2.596s]    24 | #include [01;31m[K"Thirdparty/DBoW2/DBoW2/BowVector.h"[m[K
[2.597s]       |          [01;31m[K^~~~~~~~~~~~~~~~~~~~~~~~~~~~~~~~~~~~[m[K
[2.597s] compilation terminated.
[2.597s] In file included from [01m[K/home/hkim/development/downloads/ORB_SLAM3/include/MapPoint.h:23[m[K,
[2.597s]                  from [01m[K/home/hkim/development/downloads/ORB_SLAM3/include/FrameDrawer.h:24[m[K,
[2.597s]                  from [01m[K/home/hkim/development/downloads/ORB_SLAM3/include/Viewer.h:23[m[K,
[2.597s]                  from [01m[K/home/hkim/development/downloads/ORB_SLAM3/include/Tracking.h:26[m[K,
[2.597s]                  from [01m[K/home/hkim/development/downloads/ORB_SLAM3/include/System.h:31[m[K,
[2.597s]                  from [01m[K/home/hkim/development/tello_ros_ws/src/orbslam3_ros2/src/stereo-inertial/stereo-inertial-node.hpp:10[m[K,
[2.598s]                  from [01m[K/home/hkim/development/tello_ros_ws/src/orbslam3_ros2/src/stereo-inertial/stereo-inertial.cpp:7[m[K:
[2.598s] [01m[K/home/hkim/development/downloads/ORB_SLAM3/include/KeyFrame.h:24:10:[m[K [01;31m[Kfatal error: [m[KThirdparty/DBoW2/DBoW2/BowVector.h: No such file or directory
[2.598s]    24 | #include [01;31m[K"Thirdparty/DBoW2/DBoW2/BowVector.h"[m[K
[2.598s]       |          [01;31m[K^~~~~~~~~~~~~~~~~~~~~~~~~~~~~~~~~~~~[m[K
[2.598s] compilation terminated.
[2.600s] make[2]: *** [CMakeFiles/mono.dir/build.make:63: CMakeFiles/mono.dir/src/monocular/mono.cpp.o] Error 1
[2.600s] make[1]: *** [CMakeFiles/Makefile2:165: CMakeFiles/mono.dir/all] Error 2
[2.600s] make[1]: *** Waiting for unfinished jobs....
[2.601s] make[2]: *** [CMakeFiles/stereo-inertial.dir/build.make:63: CMakeFiles/stereo-inertial.dir/src/stereo-inertial/stereo-inertial.cpp.o] Error 1
[2.601s] make[1]: *** [CMakeFiles/Makefile2:84: CMakeFiles/stereo-inertial.dir/all] Error 2
[2.605s] In file included from [01m[K/home/hkim/development/downloads/ORB_SLAM3/include/MapPoint.h:23[m[K,
[2.605s]                  from [01m[K/home/hkim/development/downloads/ORB_SLAM3/include/FrameDrawer.h:24[m[K,
[2.606s]                  from [01m[K/home/hkim/development/downloads/ORB_SLAM3/include/Viewer.h:23[m[K,
[2.606s]                  from [01m[K/home/hkim/development/downloads/ORB_SLAM3/include/Tracking.h:26[m[K,
[2.606s]                  from [01m[K/home/hkim/development/downloads/ORB_SLAM3/include/System.h:31[m[K,
[2.606s]                  from [01m[K/home/hkim/development/tello_ros_ws/src/orbslam3_ros2/src/stereo/stereo-slam-node.hpp:13[m[K,
[2.606s]                  from [01m[K/home/hkim/development/tello_ros_ws/src/orbslam3_ros2/src/stereo/stereo.cpp:7[m[K:
[2.606s] [01m[K/home/hkim/development/downloads/ORB_SLAM3/include/KeyFrame.h:24:10:[m[K [01;31m[Kfatal error: [m[KThirdparty/DBoW2/DBoW2/BowVector.h: No such file or directory
[2.606s]    24 | #include [01;31m[K"Thirdparty/DBoW2/DBoW2/BowVector.h"[m[K
[2.606s]       |          [01;31m[K^~~~~~~~~~~~~~~~~~~~~~~~~~~~~~~~~~~~[m[K
[2.607s] compilation terminated.
[2.609s] In file included from [01m[K/home/hkim/development/downloads/ORB_SLAM3/include/MapPoint.h:23[m[K,
[2.609s]                  from [01m[K/home/hkim/development/downloads/ORB_SLAM3/include/FrameDrawer.h:24[m[K,
[2.609s]                  from [01m[K/home/hkim/development/downloads/ORB_SLAM3/include/Viewer.h:23[m[K,
[2.609s]                  from [01m[K/home/hkim/development/downloads/ORB_SLAM3/include/Tracking.h:26[m[K,
[2.609s]                  from [01m[K/home/hkim/development/downloads/ORB_SLAM3/include/System.h:31[m[K,
[2.609s]                  from [01m[K/home/hkim/development/tello_ros_ws/src/orbslam3_ros2/src/rgbd/rgbd-slam-node.hpp:18[m[K,
[2.609s]                  from [01m[K/home/hkim/development/tello_ros_ws/src/orbslam3_ros2/src/rgbd/rgbd.cpp:7[m[K:
[2.609s] [01m[K/home/hkim/development/downloads/ORB_SLAM3/include/KeyFrame.h:24:10:[m[K [01;31m[Kfatal error: [m[KThirdparty/DBoW2/DBoW2/BowVector.h: No such file or directory
[2.610s]    24 | #include [01;31m[K"Thirdparty/DBoW2/DBoW2/BowVector.h"[m[K
[2.610s]       |          [01;31m[K^~~~~~~~~~~~~~~~~~~~~~~~~~~~~~~~~~~~[m[K
[2.610s] compilation terminated.
[2.612s] make[2]: *** No rule to make target '/home/hkim/development/tello_ros_ws/src/ORB_SLAM3/lib/libORB_SLAM3.so', needed by 'rgbd'.  Stop.
[2.612s] make[2]: *** Waiting for unfinished jobs....
[2.613s] make[2]: *** [CMakeFiles/rgbd.dir/build.make:63: CMakeFiles/rgbd.dir/src/rgbd/rgbd.cpp.o] Error 1
[2.614s] make[2]: *** No rule to make target '/home/hkim/development/tello_ros_ws/src/ORB_SLAM3/lib/libORB_SLAM3.so', needed by 'stereo'.  Stop.
[2.614s] make[2]: *** Waiting for unfinished jobs....
[2.614s] make[2]: *** [CMakeFiles/stereo.dir/build.make:63: CMakeFiles/stereo.dir/src/stereo/stereo.cpp.o] Error 1
[2.621s] [ 50%] [32mBuilding CXX object CMakeFiles/stereo.dir/src/stereo/stereo-slam-node.cpp.o[0m
[2.621s] [ 50%] [32mBuilding CXX object CMakeFiles/rgbd.dir/src/rgbd/rgbd-slam-node.cpp.o[0m
[2.852s] In file included from [01m[K/home/hkim/development/downloads/ORB_SLAM3/include/MapPoint.h:23[m[K,
[2.852s]                  from [01m[K/home/hkim/development/downloads/ORB_SLAM3/include/FrameDrawer.h:24[m[K,
[2.852s]                  from [01m[K/home/hkim/development/downloads/ORB_SLAM3/include/Viewer.h:23[m[K,
[2.852s]                  from [01m[K/home/hkim/development/downloads/ORB_SLAM3/include/Tracking.h:26[m[K,
[2.852s]                  from [01m[K/home/hkim/development/downloads/ORB_SLAM3/include/System.h:31[m[K,
[2.853s]                  from [01m[K/home/hkim/development/tello_ros_ws/src/orbslam3_ros2/src/stereo/stereo-slam-node.hpp:13[m[K,
[2.853s]                  from [01m[K/home/hkim/development/tello_ros_ws/src/orbslam3_ros2/src/stereo/stereo-slam-node.cpp:1[m[K:
[2.853s] [01m[K/home/hkim/development/downloads/ORB_SLAM3/include/KeyFrame.h:24:10:[m[K [01;31m[Kfatal error: [m[KThirdparty/DBoW2/DBoW2/BowVector.h: No such file or directory
[2.853s]    24 | #include [01;31m[K"Thirdparty/DBoW2/DBoW2/BowVector.h"[m[K
[2.853s]       |          [01;31m[K^~~~~~~~~~~~~~~~~~~~~~~~~~~~~~~~~~~~[m[K
[2.853s] compilation terminated.
[2.854s] In file included from [01m[K/home/hkim/development/downloads/ORB_SLAM3/include/MapPoint.h:23[m[K,
[2.854s]                  from [01m[K/home/hkim/development/downloads/ORB_SLAM3/include/FrameDrawer.h:24[m[K,
[2.854s]                  from [01m[K/home/hkim/development/downloads/ORB_SLAM3/include/Viewer.h:23[m[K,
[2.854s]                  from [01m[K/home/hkim/development/downloads/ORB_SLAM3/include/Tracking.h:26[m[K,
[2.854s]                  from [01m[K/home/hkim/development/downloads/ORB_SLAM3/include/System.h:31[m[K,
[2.854s]                  from [01m[K/home/hkim/development/tello_ros_ws/src/orbslam3_ros2/src/rgbd/rgbd-slam-node.hpp:18[m[K,
[2.855s]                  from [01m[K/home/hkim/development/tello_ros_ws/src/orbslam3_ros2/src/rgbd/rgbd-slam-node.cpp:1[m[K:
[2.855s] [01m[K/home/hkim/development/downloads/ORB_SLAM3/include/KeyFrame.h:24:10:[m[K [01;31m[Kfatal error: [m[KThirdparty/DBoW2/DBoW2/BowVector.h: No such file or directory
[2.855s]    24 | #include [01;31m[K"Thirdparty/DBoW2/DBoW2/BowVector.h"[m[K
[2.855s]       |          [01;31m[K^~~~~~~~~~~~~~~~~~~~~~~~~~~~~~~~~~~~[m[K
[2.855s] compilation terminated.
[2.856s] make[2]: *** [CMakeFiles/stereo.dir/build.make:76: CMakeFiles/stereo.dir/src/stereo/stereo-slam-node.cpp.o] Error 1
[2.857s] make[1]: *** [CMakeFiles/Makefile2:111: CMakeFiles/stereo.dir/all] Error 2
[2.858s] make[2]: *** [CMakeFiles/rgbd.dir/build.make:76: CMakeFiles/rgbd.dir/src/rgbd/rgbd-slam-node.cpp.o] Error 1
[2.858s] make[1]: *** [CMakeFiles/Makefile2:138: CMakeFiles/rgbd.dir/all] Error 2
[2.858s] make: *** [Makefile:141: all] Error 2
[2.860s] Invoked command in '/home/hkim/development/tello_ros_ws/build/orbslam3' returned '2': CMAKE_PREFIX_PATH=${CMAKE_PREFIX_PATH}:/opt/ros/foxy /usr/bin/cmake --build /home/hkim/development/tello_ros_ws/build/orbslam3 -- -j4 -l4
