[0.069s] Invoking command in '/home/hkim/development/tello_ros_ws/build/orbslam3': CMAKE_PREFIX_PATH=/opt/ros/foxy /usr/bin/cmake --build /home/hkim/development/tello_ros_ws/build/orbslam3 -- -j4 -l4
[0.223s] [35m[1mScanning dependencies of target stereo-inertial[0m
[0.430s] [  8%] [32mBuilding CXX object CMakeFiles/stereo-inertial.dir/src/stereo-inertial/stereo-inertial.cpp.o[0m
[3.356s] In file included from [01m[K/home/hkim/development/downloads/ORB_SLAM3/include/LocalMapping.h:25[m[K,
[3.356s]                  from [01m[K/home/hkim/development/downloads/ORB_SLAM3/include/Tracking.h:29[m[K,
[3.356s]                  from [01m[K/home/hkim/development/downloads/ORB_SLAM3/include/System.h:31[m[K,
[3.357s]                  from [01m[K/home/hkim/development/tello_ros_ws/src/orbslam3_ros2/src/stereo-inertial/stereo-inertial-node.hpp:10[m[K,
[3.357s]                  from [01m[K/home/hkim/development/tello_ros_ws/src/orbslam3_ros2/src/stereo-inertial/stereo-inertial.cpp:7[m[K:
[3.357s] [01m[K/home/hkim/development/downloads/ORB_SLAM3/include/LoopClosing.h:34:10:[m[K [01;31m[Kfatal error: [m[KThirdparty/g2o/g2o/types/types_seven_dof_expmap.h: No such file or directory
[3.357s]    34 | #include [01;31m[K"Thirdparty/g2o/g2o/types/types_seven_dof_expmap.h"[m[K
[3.357s]       |          [01;31m[K^~~~~~~~~~~~~~~~~~~~~~~~~~~~~~~~~~~~~~~~~~~~~~~~~~~[m[K
[3.358s] compilation terminated.
[3.400s] make[2]: *** [CMakeFiles/stereo-inertial.dir/build.make:63: CMakeFiles/stereo-inertial.dir/src/stereo-inertial/stereo-inertial.cpp.o] Error 1
[3.400s] make[1]: *** [CMakeFiles/Makefile2:84: CMakeFiles/stereo-inertial.dir/all] Error 2
[3.400s] make: *** [Makefile:141: all] Error 2
[3.414s] Invoked command in '/home/hkim/development/tello_ros_ws/build/orbslam3' returned '2': CMAKE_PREFIX_PATH=/opt/ros/foxy /usr/bin/cmake --build /home/hkim/development/tello_ros_ws/build/orbslam3 -- -j4 -l4
