[0.065s] Invoking command in '/home/hkim/development/tello_ros_ws/build/orbslam3': CMAKE_PREFIX_PATH=${CMAKE_PREFIX_PATH}:/opt/ros/foxy /usr/bin/cmake /home/hkim/development/tello_ros_ws/src/orbslam3_ros2 -DCMAKE_INSTALL_PREFIX=/home/hkim/development/tello_ros_ws/install/orbslam3
[0.102s] -- Found ament_cmake: 0.9.12 (/opt/ros/foxy/share/ament_cmake/cmake)
[0.182s] -- Using PYTHON_EXECUTABLE: /usr/bin/python3
[0.833s] -- Override CMake install command with custom implementation using symlinks instead of copying resources
[0.849s] -- Found rclcpp: 2.4.3 (/opt/ros/foxy/share/rclcpp/cmake)
[0.923s] -- Using all available rosidl_typesupport_c: rosidl_typesupport_fastrtps_c;rosidl_typesupport_introspection_c
[0.929s] -- Found rosidl_adapter: 1.3.1 (/opt/ros/foxy/share/rosidl_adapter/cmake)
[1.217s] -- Using all available rosidl_typesupport_cpp: rosidl_typesupport_fastrtps_cpp;rosidl_typesupport_introspection_cpp
[1.327s] -- Found rmw_implementation_cmake: 1.0.4 (/opt/ros/foxy/share/rmw_implementation_cmake/cmake)
[1.331s] -- Using RMW implementation 'rmw_fastrtps_cpp' as default
[1.756s] -- Found sensor_msgs: 2.0.5 (/opt/ros/foxy/share/sensor_msgs/cmake)
[2.058s] -- Found cv_bridge: 3.0.7 (/opt/ros/foxy/share/cv_bridge/cmake)
[2.115s] -- Found message_filters: 3.2.7 (/opt/ros/foxy/share/message_filters/cmake)
[2.325s] -- Configuring done
[2.433s] -- Generating done
[2.439s] -- Build files have been written to: /home/hkim/development/tello_ros_ws/build/orbslam3
[2.447s] Invoked command in '/home/hkim/development/tello_ros_ws/build/orbslam3' returned '0': CMAKE_PREFIX_PATH=${CMAKE_PREFIX_PATH}:/opt/ros/foxy /usr/bin/cmake /home/hkim/development/tello_ros_ws/src/orbslam3_ros2 -DCMAKE_INSTALL_PREFIX=/home/hkim/development/tello_ros_ws/install/orbslam3
[2.450s] Invoking command in '/home/hkim/development/tello_ros_ws/build/orbslam3': CMAKE_PREFIX_PATH=${CMAKE_PREFIX_PATH}:/opt/ros/foxy /usr/bin/cmake --build /home/hkim/development/tello_ros_ws/build/orbslam3 -- -j4 -l4
[2.634s] make[2]: *** No rule to make target '/home/hkim/development/tello_ros_ws/src/ORB_SLAM3/lib/libORB_SLAM3.so', needed by 'rgbd'.  Stop.
[2.635s] make[2]: *** No rule to make target '/home/hkim/development/tello_ros_ws/src/ORB_SLAM3/lib/libORB_SLAM3.so', needed by 'stereo-inertial'.  Stop.
[2.639s] make[1]: *** [CMakeFiles/Makefile2:138: CMakeFiles/rgbd.dir/all] Error 2
[2.640s] make[1]: *** Waiting for unfinished jobs....
[2.640s] make[1]: *** [CMakeFiles/Makefile2:84: CMakeFiles/stereo-inertial.dir/all] Error 2
[2.645s] make[2]: *** No rule to make target '/home/hkim/development/tello_ros_ws/src/ORB_SLAM3/lib/libORB_SLAM3.so', needed by 'mono'.  Stop.
[2.650s] make[1]: *** [CMakeFiles/Makefile2:165: CMakeFiles/mono.dir/all] Error 2
[2.658s] make[2]: *** No rule to make target '/home/hkim/development/tello_ros_ws/src/ORB_SLAM3/lib/libORB_SLAM3.so', needed by 'stereo'.  Stop.
[2.658s] make[1]: *** [CMakeFiles/Makefile2:111: CMakeFiles/stereo.dir/all] Error 2
[2.661s] make: *** [Makefile:141: all] Error 2
[2.668s] Invoked command in '/home/hkim/development/tello_ros_ws/build/orbslam3' returned '2': CMAKE_PREFIX_PATH=${CMAKE_PREFIX_PATH}:/opt/ros/foxy /usr/bin/cmake --build /home/hkim/development/tello_ros_ws/build/orbslam3 -- -j4 -l4
