[0.047s] Invoking command in '/home/hkim/development/tello_ros_ws/build/orbslam3': CMAKE_PREFIX_PATH=/opt/ros/foxy /usr/bin/cmake --build /home/hkim/development/tello_ros_ws/build/orbslam3 -- -j4 -l4
[0.100s] -- Found ament_cmake: 0.9.12 (/opt/ros/foxy/share/ament_cmake/cmake)
[0.150s] -- Using PYTHON_EXECUTABLE: /usr/bin/python3
[0.664s] -- Found rclcpp: 2.4.3 (/opt/ros/foxy/share/rclcpp/cmake)
[0.730s] -- Using all available rosidl_typesupport_c: rosidl_typesupport_fastrtps_c;rosidl_typesupport_introspection_c
[0.738s] -- Found rosidl_adapter: 1.3.1 (/opt/ros/foxy/share/rosidl_adapter/cmake)
[0.988s] -- Using all available rosidl_typesupport_cpp: rosidl_typesupport_fastrtps_cpp;rosidl_typesupport_introspection_cpp
[1.070s] -- Found rmw_implementation_cmake: 1.0.4 (/opt/ros/foxy/share/rmw_implementation_cmake/cmake)
[1.073s] -- Using RMW implementation 'rmw_fastrtps_cpp' as default
[1.411s] -- Found sensor_msgs: 2.0.5 (/opt/ros/foxy/share/sensor_msgs/cmake)
[1.741s] -- Found cv_bridge: 3.0.7 (/opt/ros/foxy/share/cv_bridge/cmake)
[1.812s] -- Found message_filters: 3.2.7 (/opt/ros/foxy/share/message_filters/cmake)
[1.940s] -- Configuring done
[2.052s] -- Generating done
[2.054s] -- Build files have been written to: /home/hkim/development/tello_ros_ws/build/orbslam3
[2.123s] [35m[1mScanning dependencies of target rgbd[0m
[2.135s] [35m[1mScanning dependencies of target stereo-inertial[0m
[2.160s] [35m[1mScanning dependencies of target stereo[0m
[2.195s] [35m[1mScanning dependencies of target mono[0m
[2.357s] [  8%] [32mBuilding CXX object CMakeFiles/rgbd.dir/src/rgbd/rgbd.cpp.o[0m
[2.402s] [ 16%] [32mBuilding CXX object CMakeFiles/mono.dir/src/monocular/mono.cpp.o[0m
[2.486s] [ 25%] [32mBuilding CXX object CMakeFiles/stereo.dir/src/stereo/stereo.cpp.o[0m
[2.528s] [ 33%] [32mBuilding CXX object CMakeFiles/stereo-inertial.dir/src/stereo-inertial/stereo-inertial.cpp.o[0m
[3.296s] In file included from [01m[K/home/hkim/development/downloads/ORB_SLAM3/include/MapPoint.h:23[m[K,
[3.297s]                  from [01m[K/home/hkim/development/downloads/ORB_SLAM3/include/FrameDrawer.h:24[m[K,
[3.297s]                  from [01m[K/home/hkim/development/downloads/ORB_SLAM3/include/Viewer.h:23[m[K,
[3.297s]                  from [01m[K/home/hkim/development/downloads/ORB_SLAM3/include/Tracking.h:26[m[K,
[3.298s]                  from [01m[K/home/hkim/development/downloads/ORB_SLAM3/include/System.h:31[m[K,
[3.298s]                  from [01m[K/home/hkim/development/tello_ros_ws/src/orbslam3_ros2/src/rgbd/rgbd-slam-node.hpp:18[m[K,
[3.298s]                  from [01m[K/home/hkim/development/tello_ros_ws/src/orbslam3_ros2/src/rgbd/rgbd.cpp:7[m[K:
[3.299s] [01m[K/home/hkim/development/downloads/ORB_SLAM3/include/KeyFrame.h:24:10:[m[K [01;31m[Kfatal error: [m[KThirdparty/DBoW2/DBoW2/BowVector.h: No such file or directory
[3.299s]    24 | #include [01;31m[K"Thirdparty/DBoW2/DBoW2/BowVector.h"[m[K
[3.299s]       |          [01;31m[K^~~~~~~~~~~~~~~~~~~~~~~~~~~~~~~~~~~~[m[K
[3.299s] compilation terminated.
[3.329s] In file included from [01m[K/home/hkim/development/downloads/ORB_SLAM3/include/MapPoint.h:23[m[K,
[3.330s]                  from [01m[K/home/hkim/development/downloads/ORB_SLAM3/include/FrameDrawer.h:24[m[K,
[3.330s]                  from [01m[K/home/hkim/development/downloads/ORB_SLAM3/include/Viewer.h:23[m[K,
[3.330s]                  from [01m[K/home/hkim/development/downloads/ORB_SLAM3/include/Tracking.h:26[m[K,
[3.331s]                  from [01m[K/home/hkim/development/downloads/ORB_SLAM3/include/System.h:31[m[K,
[3.331s]                  from [01m[K/home/hkim/development/tello_ros_ws/src/orbslam3_ros2/src/stereo/stereo-slam-node.hpp:13[m[K,
[3.331s]                  from [01m[K/home/hkim/development/tello_ros_ws/src/orbslam3_ros2/src/stereo/stereo.cpp:7[m[K:
[3.331s] [01m[K/home/hkim/development/downloads/ORB_SLAM3/include/KeyFrame.h:24:10:[m[K [01;31m[Kfatal error: [m[KThirdparty/DBoW2/DBoW2/BowVector.h: No such file or directory
[3.332s]    24 | #include [01;31m[K"Thirdparty/DBoW2/DBoW2/BowVector.h"[m[K
[3.332s]       |          [01;31m[K^~~~~~~~~~~~~~~~~~~~~~~~~~~~~~~~~~~~[m[K
[3.332s] compilation terminated.
[3.341s] make[2]: *** [CMakeFiles/rgbd.dir/build.make:63: CMakeFiles/rgbd.dir/src/rgbd/rgbd.cpp.o] Error 1
[3.341s] make[1]: *** [CMakeFiles/Makefile2:138: CMakeFiles/rgbd.dir/all] Error 2
[3.342s] make[1]: *** Waiting for unfinished jobs....
[3.351s] make[2]: *** [CMakeFiles/stereo.dir/build.make:63: CMakeFiles/stereo.dir/src/stereo/stereo.cpp.o] Error 1
[3.352s] make[1]: *** [CMakeFiles/Makefile2:111: CMakeFiles/stereo.dir/all] Error 2
[3.362s] make[2]: *** No rule to make target '/home/hkim/development/tello_ros_ws/src/ORB_SLAM3/lib/libORB_SLAM3.so', needed by 'stereo-inertial'.  Stop.
[3.362s] make[2]: *** Waiting for unfinished jobs....
[3.372s] make[2]: *** No rule to make target '/home/hkim/development/tello_ros_ws/src/ORB_SLAM3/lib/libORB_SLAM3.so', needed by 'mono'.  Stop.
[3.373s] make[2]: *** Waiting for unfinished jobs....
[3.410s] [ 41%] [32mBuilding CXX object CMakeFiles/mono.dir/src/monocular/monocular-slam-node.cpp.o[0m
[3.422s] [ 50%] [32mBuilding CXX object CMakeFiles/stereo-inertial.dir/src/stereo-inertial/stereo-inertial-node.cpp.o[0m
[3.530s] In file included from [01m[K/home/hkim/development/downloads/ORB_SLAM3/include/MapPoint.h:23[m[K,
[3.530s]                  from [01m[K/home/hkim/development/downloads/ORB_SLAM3/include/FrameDrawer.h:24[m[K,
[3.531s]                  from [01m[K/home/hkim/development/downloads/ORB_SLAM3/include/Viewer.h:23[m[K,
[3.531s]                  from [01m[K/home/hkim/development/downloads/ORB_SLAM3/include/Tracking.h:26[m[K,
[3.531s]                  from [01m[K/home/hkim/development/downloads/ORB_SLAM3/include/System.h:31[m[K,
[3.532s]                  from [01m[K/home/hkim/development/tello_ros_ws/src/orbslam3_ros2/src/monocular/monocular-slam-node.hpp:9[m[K,
[3.532s]                  from [01m[K/home/hkim/development/tello_ros_ws/src/orbslam3_ros2/src/monocular/mono.cpp:7[m[K:
[3.532s] [01m[K/home/hkim/development/downloads/ORB_SLAM3/include/KeyFrame.h:24:10:[m[K [01;31m[Kfatal error: [m[KThirdparty/DBoW2/DBoW2/BowVector.h: No such file or directory
[3.532s]    24 | #include [01;31m[K"Thirdparty/DBoW2/DBoW2/BowVector.h"[m[K
[3.533s]       |          [01;31m[K^~~~~~~~~~~~~~~~~~~~~~~~~~~~~~~~~~~~[m[K
[3.533s] compilation terminated.
[3.541s] In file included from [01m[K/home/hkim/development/downloads/ORB_SLAM3/include/MapPoint.h:23[m[K,
[3.541s]                  from [01m[K/home/hkim/development/downloads/ORB_SLAM3/include/FrameDrawer.h:24[m[K,
[3.542s]                  from [01m[K/home/hkim/development/downloads/ORB_SLAM3/include/Viewer.h:23[m[K,
[3.542s]                  from [01m[K/home/hkim/development/downloads/ORB_SLAM3/include/Tracking.h:26[m[K,
[3.543s]                  from [01m[K/home/hkim/development/downloads/ORB_SLAM3/include/System.h:31[m[K,
[3.543s]                  from [01m[K/home/hkim/development/tello_ros_ws/src/orbslam3_ros2/src/stereo-inertial/stereo-inertial-node.hpp:10[m[K,
[3.543s]                  from [01m[K/home/hkim/development/tello_ros_ws/src/orbslam3_ros2/src/stereo-inertial/stereo-inertial.cpp:7[m[K:
[3.544s] [01m[K/home/hkim/development/downloads/ORB_SLAM3/include/KeyFrame.h:24:10:[m[K [01;31m[Kfatal error: [m[KThirdparty/DBoW2/DBoW2/BowVector.h: No such file or directory
[3.544s]    24 | #include [01;31m[K"Thirdparty/DBoW2/DBoW2/BowVector.h"[m[K
[3.545s]       |          [01;31m[K^~~~~~~~~~~~~~~~~~~~~~~~~~~~~~~~~~~~[m[K
[3.546s] compilation terminated.
[3.556s] make[2]: *** [CMakeFiles/mono.dir/build.make:63: CMakeFiles/mono.dir/src/monocular/mono.cpp.o] Error 1
[3.559s] make[2]: *** [CMakeFiles/stereo-inertial.dir/build.make:63: CMakeFiles/stereo-inertial.dir/src/stereo-inertial/stereo-inertial.cpp.o] Error 1
[3.980s] In file included from [01m[K/home/hkim/development/downloads/ORB_SLAM3/include/MapPoint.h:23[m[K,
[3.981s]                  from [01m[K/home/hkim/development/downloads/ORB_SLAM3/include/FrameDrawer.h:24[m[K,
[3.981s]                  from [01m[K/home/hkim/development/downloads/ORB_SLAM3/include/Viewer.h:23[m[K,
[3.981s]                  from [01m[K/home/hkim/development/downloads/ORB_SLAM3/include/Tracking.h:26[m[K,
[3.982s]                  from [01m[K/home/hkim/development/downloads/ORB_SLAM3/include/System.h:31[m[K,
[3.982s]                  from [01m[K/home/hkim/development/tello_ros_ws/src/orbslam3_ros2/src/monocular/monocular-slam-node.hpp:9[m[K,
[3.982s]                  from [01m[K/home/hkim/development/tello_ros_ws/src/orbslam3_ros2/src/monocular/monocular-slam-node.cpp:1[m[K:
[3.983s] [01m[K/home/hkim/development/downloads/ORB_SLAM3/include/KeyFrame.h:24:10:[m[K [01;31m[Kfatal error: [m[KThirdparty/DBoW2/DBoW2/BowVector.h: No such file or directory
[3.983s]    24 | #include [01;31m[K"Thirdparty/DBoW2/DBoW2/BowVector.h"[m[K
[3.983s]       |          [01;31m[K^~~~~~~~~~~~~~~~~~~~~~~~~~~~~~~~~~~~[m[K
[3.983s] compilation terminated.
[3.993s] make[2]: *** [CMakeFiles/mono.dir/build.make:76: CMakeFiles/mono.dir/src/monocular/monocular-slam-node.cpp.o] Error 1
[3.993s] make[1]: *** [CMakeFiles/Makefile2:165: CMakeFiles/mono.dir/all] Error 2
[4.012s] In file included from [01m[K/home/hkim/development/downloads/ORB_SLAM3/include/MapPoint.h:23[m[K,
[4.013s]                  from [01m[K/home/hkim/development/downloads/ORB_SLAM3/include/FrameDrawer.h:24[m[K,
[4.013s]                  from [01m[K/home/hkim/development/downloads/ORB_SLAM3/include/Viewer.h:23[m[K,
[4.014s]                  from [01m[K/home/hkim/development/downloads/ORB_SLAM3/include/Tracking.h:26[m[K,
[4.014s]                  from [01m[K/home/hkim/development/downloads/ORB_SLAM3/include/System.h:31[m[K,
[4.014s]                  from [01m[K/home/hkim/development/tello_ros_ws/src/orbslam3_ros2/src/stereo-inertial/stereo-inertial-node.hpp:10[m[K,
[4.014s]                  from [01m[K/home/hkim/development/tello_ros_ws/src/orbslam3_ros2/src/stereo-inertial/stereo-inertial-node.cpp:1[m[K:
[4.014s] [01m[K/home/hkim/development/downloads/ORB_SLAM3/include/KeyFrame.h:24:10:[m[K [01;31m[Kfatal error: [m[KThirdparty/DBoW2/DBoW2/BowVector.h: No such file or directory
[4.015s]    24 | #include [01;31m[K"Thirdparty/DBoW2/DBoW2/BowVector.h"[m[K
[4.015s]       |          [01;31m[K^~~~~~~~~~~~~~~~~~~~~~~~~~~~~~~~~~~~[m[K
[4.015s] compilation terminated.
[4.022s] make[2]: *** [CMakeFiles/stereo-inertial.dir/build.make:76: CMakeFiles/stereo-inertial.dir/src/stereo-inertial/stereo-inertial-node.cpp.o] Error 1
[4.024s] make[1]: *** [CMakeFiles/Makefile2:84: CMakeFiles/stereo-inertial.dir/all] Error 2
[4.024s] make: *** [Makefile:141: all] Error 2
[4.036s] Invoked command in '/home/hkim/development/tello_ros_ws/build/orbslam3' returned '2': CMAKE_PREFIX_PATH=/opt/ros/foxy /usr/bin/cmake --build /home/hkim/development/tello_ros_ws/build/orbslam3 -- -j4 -l4
