[0.044s] Invoking command in '/home/hkim/development/tello_ros_ws/build/orbslam3': CMAKE_PREFIX_PATH=${CMAKE_PREFIX_PATH}:/opt/ros/foxy /usr/bin/cmake --build /home/hkim/development/tello_ros_ws/build/orbslam3 -- -j4 -l4
[0.214s] [  8%] [32mBuilding CXX object CMakeFiles/stereo.dir/src/stereo/stereo.cpp.o[0m
[0.283s] [ 16%] [32mBuilding CXX object CMakeFiles/stereo-inertial.dir/src/stereo-inertial/stereo-inertial.cpp.o[0m
[0.286s] [ 25%] [32mBuilding CXX object CMakeFiles/mono.dir/src/monocular/mono.cpp.o[0m
[0.317s] [ 33%] [32mBuilding CXX object CMakeFiles/rgbd.dir/src/rgbd/rgbd.cpp.o[0m
[0.811s] In file included from [01m[K/home/hkim/development/downloads/ORB_SLAM3/include/MapPoint.h:23[m[K,
[0.811s]                  from [01m[K/home/hkim/development/downloads/ORB_SLAM3/include/FrameDrawer.h:24[m[K,
[0.811s]                  from [01m[K/home/hkim/development/downloads/ORB_SLAM3/include/Viewer.h:23[m[K,
[0.811s]                  from [01m[K/home/hkim/development/downloads/ORB_SLAM3/include/Tracking.h:26[m[K,
[0.811s]                  from [01m[K/home/hkim/development/downloads/ORB_SLAM3/include/System.h:31[m[K,
[0.811s]                  from [01m[K/home/hkim/development/tello_ros_ws/src/orbslam3_ros2/src/stereo/stereo-slam-node.hpp:13[m[K,
[0.812s]                  from [01m[K/home/hkim/development/tello_ros_ws/src/orbslam3_ros2/src/stereo/stereo.cpp:7[m[K:
[0.812s] [01m[K/home/hkim/development/downloads/ORB_SLAM3/include/KeyFrame.h:24:10:[m[K [01;31m[Kfatal error: [m[KThirdparty/DBoW2/DBoW2/BowVector.h: No such file or directory
[0.812s]    24 | #include [01;31m[K"Thirdparty/DBoW2/DBoW2/BowVector.h"[m[K
[0.812s]       |          [01;31m[K^~~~~~~~~~~~~~~~~~~~~~~~~~~~~~~~~~~~[m[K
[0.812s] compilation terminated.
[0.817s] make[2]: *** [CMakeFiles/stereo.dir/build.make:63: CMakeFiles/stereo.dir/src/stereo/stereo.cpp.o] Error 1
[0.818s] make[1]: *** [CMakeFiles/Makefile2:111: CMakeFiles/stereo.dir/all] Error 2
[0.818s] make[1]: *** Waiting for unfinished jobs....
[0.836s] make[2]: *** No rule to make target '/home/hkim/development/tello_ros_ws/src/ORB_SLAM3/lib/libORB_SLAM3.so', needed by 'mono'.  Stop.
[0.837s] make[2]: *** Waiting for unfinished jobs....
[0.866s] [ 41%] [32mBuilding CXX object CMakeFiles/mono.dir/src/monocular/monocular-slam-node.cpp.o[0m
[0.874s] In file included from [01m[K/home/hkim/development/downloads/ORB_SLAM3/include/MapPoint.h:23[m[K,
[0.874s]                  from [01m[K/home/hkim/development/downloads/ORB_SLAM3/include/FrameDrawer.h:24[m[K,
[0.874s]                  from [01m[K/home/hkim/development/downloads/ORB_SLAM3/include/Viewer.h:23[m[K,
[0.875s]                  from [01m[K/home/hkim/development/downloads/ORB_SLAM3/include/Tracking.h:26[m[K,
[0.875s]                  from [01m[K/home/hkim/development/downloads/ORB_SLAM3/include/System.h:31[m[K,
[0.875s]                  from [01m[K/home/hkim/development/tello_ros_ws/src/orbslam3_ros2/src/monocular/monocular-slam-node.hpp:9[m[K,
[0.876s]                  from [01m[K/home/hkim/development/tello_ros_ws/src/orbslam3_ros2/src/monocular/mono.cpp:7[m[K:
[0.876s] [01m[K/home/hkim/development/downloads/ORB_SLAM3/include/KeyFrame.h:24:10:[m[K [01;31m[Kfatal error: [m[KThirdparty/DBoW2/DBoW2/BowVector.h: No such file or directory
[0.876s]    24 | #include [01;31m[K"Thirdparty/DBoW2/DBoW2/BowVector.h"[m[K
[0.876s]       |          [01;31m[K^~~~~~~~~~~~~~~~~~~~~~~~~~~~~~~~~~~~[m[K
[0.877s] compilation terminated.
[0.882s] make[2]: *** [CMakeFiles/mono.dir/build.make:63: CMakeFiles/mono.dir/src/monocular/mono.cpp.o] Error 1
[0.893s] make[2]: *** No rule to make target '/home/hkim/development/tello_ros_ws/src/ORB_SLAM3/lib/libORB_SLAM3.so', needed by 'stereo-inertial'.  Stop.
[0.894s] make[2]: *** Waiting for unfinished jobs....
[0.921s] In file included from [01m[K/home/hkim/development/downloads/ORB_SLAM3/include/MapPoint.h:23[m[K,
[0.921s]                  from [01m[K/home/hkim/development/downloads/ORB_SLAM3/include/FrameDrawer.h:24[m[K,
[0.921s]                  from [01m[K/home/hkim/development/downloads/ORB_SLAM3/include/Viewer.h:23[m[K,
[0.922s]                  from [01m[K/home/hkim/development/downloads/ORB_SLAM3/include/Tracking.h:26[m[K,
[0.922s]                  from [01m[K/home/hkim/development/downloads/ORB_SLAM3/include/System.h:31[m[K,
[0.922s]                  from [01m[K/home/hkim/development/tello_ros_ws/src/orbslam3_ros2/src/stereo-inertial/stereo-inertial-node.hpp:10[m[K,
[0.922s]                  from [01m[K/home/hkim/development/tello_ros_ws/src/orbslam3_ros2/src/stereo-inertial/stereo-inertial.cpp:7[m[K:
[0.923s] [01m[K/home/hkim/development/downloads/ORB_SLAM3/include/KeyFrame.h:24:10:[m[K [01;31m[Kfatal error: [m[KThirdparty/DBoW2/DBoW2/BowVector.h: No such file or directory
[0.923s]    24 | #include [01;31m[K"Thirdparty/DBoW2/DBoW2/BowVector.h"[m[K
[0.923s]       |          [01;31m[K^~~~~~~~~~~~~~~~~~~~~~~~~~~~~~~~~~~~[m[K
[0.923s] compilation terminated.
[0.930s] [ 50%] [32mBuilding CXX object CMakeFiles/stereo-inertial.dir/src/stereo-inertial/stereo-inertial-node.cpp.o[0m
[0.934s] make[2]: *** [CMakeFiles/stereo-inertial.dir/build.make:63: CMakeFiles/stereo-inertial.dir/src/stereo-inertial/stereo-inertial.cpp.o] Error 1
[0.946s] make[2]: *** No rule to make target '/home/hkim/development/tello_ros_ws/src/ORB_SLAM3/lib/libORB_SLAM3.so', needed by 'rgbd'.  Stop.
[0.946s] make[2]: *** Waiting for unfinished jobs....
[0.948s] In file included from [01m[K/home/hkim/development/downloads/ORB_SLAM3/include/MapPoint.h:23[m[K,
[0.948s]                  from [01m[K/home/hkim/development/downloads/ORB_SLAM3/include/FrameDrawer.h:24[m[K,
[0.949s]                  from [01m[K/home/hkim/development/downloads/ORB_SLAM3/include/Viewer.h:23[m[K,
[0.949s]                  from [01m[K/home/hkim/development/downloads/ORB_SLAM3/include/Tracking.h:26[m[K,
[0.949s]                  from [01m[K/home/hkim/development/downloads/ORB_SLAM3/include/System.h:31[m[K,
[0.949s]                  from [01m[K/home/hkim/development/tello_ros_ws/src/orbslam3_ros2/src/rgbd/rgbd-slam-node.hpp:18[m[K,
[0.950s]                  from [01m[K/home/hkim/development/tello_ros_ws/src/orbslam3_ros2/src/rgbd/rgbd.cpp:7[m[K:
[0.950s] [01m[K/home/hkim/development/downloads/ORB_SLAM3/include/KeyFrame.h:24:10:[m[K [01;31m[Kfatal error: [m[KThirdparty/DBoW2/DBoW2/BowVector.h: No such file or directory
[0.950s]    24 | #include [01;31m[K"Thirdparty/DBoW2/DBoW2/BowVector.h"[m[K
[0.950s]       |          [01;31m[K^~~~~~~~~~~~~~~~~~~~~~~~~~~~~~~~~~~~[m[K
[0.950s] compilation terminated.
[0.958s] make[2]: *** [CMakeFiles/rgbd.dir/build.make:63: CMakeFiles/rgbd.dir/src/rgbd/rgbd.cpp.o] Error 1
[0.987s] [ 58%] [32mBuilding CXX object CMakeFiles/rgbd.dir/src/rgbd/rgbd-slam-node.cpp.o[0m
[1.402s] In file included from [01m[K/home/hkim/development/downloads/ORB_SLAM3/include/MapPoint.h:23[m[K,
[1.402s]                  from [01m[K/home/hkim/development/downloads/ORB_SLAM3/include/FrameDrawer.h:24[m[K,
[1.402s]                  from [01m[K/home/hkim/development/downloads/ORB_SLAM3/include/Viewer.h:23[m[K,
[1.403s]                  from [01m[K/home/hkim/development/downloads/ORB_SLAM3/include/Tracking.h:26[m[K,
[1.403s]                  from [01m[K/home/hkim/development/downloads/ORB_SLAM3/include/System.h:31[m[K,
[1.403s]                  from [01m[K/home/hkim/development/tello_ros_ws/src/orbslam3_ros2/src/stereo-inertial/stereo-inertial-node.hpp:10[m[K,
[1.403s]                  from [01m[K/home/hkim/development/tello_ros_ws/src/orbslam3_ros2/src/stereo-inertial/stereo-inertial-node.cpp:1[m[K:
[1.403s] [01m[K/home/hkim/development/downloads/ORB_SLAM3/include/KeyFrame.h:24:10:[m[K [01;31m[Kfatal error: [m[KThirdparty/DBoW2/DBoW2/BowVector.h: No such file or directory
[1.404s]    24 | #include [01;31m[K"Thirdparty/DBoW2/DBoW2/BowVector.h"[m[K
[1.404s]       |          [01;31m[K^~~~~~~~~~~~~~~~~~~~~~~~~~~~~~~~~~~~[m[K
[1.404s] compilation terminated.
[1.411s] make[2]: *** [CMakeFiles/stereo-inertial.dir/build.make:76: CMakeFiles/stereo-inertial.dir/src/stereo-inertial/stereo-inertial-node.cpp.o] Error 1
[1.411s] make[1]: *** [CMakeFiles/Makefile2:84: CMakeFiles/stereo-inertial.dir/all] Error 2
[1.436s] In file included from [01m[K/home/hkim/development/downloads/ORB_SLAM3/include/MapPoint.h:23[m[K,
[1.437s]                  from [01m[K/home/hkim/development/downloads/ORB_SLAM3/include/FrameDrawer.h:24[m[K,
[1.437s]                  from [01m[K/home/hkim/development/downloads/ORB_SLAM3/include/Viewer.h:23[m[K,
[1.437s]                  from [01m[K/home/hkim/development/downloads/ORB_SLAM3/include/Tracking.h:26[m[K,
[1.437s]                  from [01m[K/home/hkim/development/downloads/ORB_SLAM3/include/System.h:31[m[K,
[1.437s]                  from [01m[K/home/hkim/development/tello_ros_ws/src/orbslam3_ros2/src/monocular/monocular-slam-node.hpp:9[m[K,
[1.437s]                  from [01m[K/home/hkim/development/tello_ros_ws/src/orbslam3_ros2/src/monocular/monocular-slam-node.cpp:1[m[K:
[1.437s] [01m[K/home/hkim/development/downloads/ORB_SLAM3/include/KeyFrame.h:24:10:[m[K [01;31m[Kfatal error: [m[KThirdparty/DBoW2/DBoW2/BowVector.h: No such file or directory
[1.438s]    24 | #include [01;31m[K"Thirdparty/DBoW2/DBoW2/BowVector.h"[m[K
[1.438s]       |          [01;31m[K^~~~~~~~~~~~~~~~~~~~~~~~~~~~~~~~~~~~[m[K
[1.438s] compilation terminated.
[1.445s] make[2]: *** [CMakeFiles/mono.dir/build.make:76: CMakeFiles/mono.dir/src/monocular/monocular-slam-node.cpp.o] Error 1
[1.445s] make[1]: *** [CMakeFiles/Makefile2:165: CMakeFiles/mono.dir/all] Error 2
[1.502s] In file included from [01m[K/home/hkim/development/downloads/ORB_SLAM3/include/MapPoint.h:23[m[K,
[1.502s]                  from [01m[K/home/hkim/development/downloads/ORB_SLAM3/include/FrameDrawer.h:24[m[K,
[1.502s]                  from [01m[K/home/hkim/development/downloads/ORB_SLAM3/include/Viewer.h:23[m[K,
[1.502s]                  from [01m[K/home/hkim/development/downloads/ORB_SLAM3/include/Tracking.h:26[m[K,
[1.502s]                  from [01m[K/home/hkim/development/downloads/ORB_SLAM3/include/System.h:31[m[K,
[1.502s]                  from [01m[K/home/hkim/development/tello_ros_ws/src/orbslam3_ros2/src/rgbd/rgbd-slam-node.hpp:18[m[K,
[1.502s]                  from [01m[K/home/hkim/development/tello_ros_ws/src/orbslam3_ros2/src/rgbd/rgbd-slam-node.cpp:1[m[K:
[1.503s] [01m[K/home/hkim/development/downloads/ORB_SLAM3/include/KeyFrame.h:24:10:[m[K [01;31m[Kfatal error: [m[KThirdparty/DBoW2/DBoW2/BowVector.h: No such file or directory
[1.503s]    24 | #include [01;31m[K"Thirdparty/DBoW2/DBoW2/BowVector.h"[m[K
[1.503s]       |          [01;31m[K^~~~~~~~~~~~~~~~~~~~~~~~~~~~~~~~~~~~[m[K
[1.503s] compilation terminated.
[1.503s] make[2]: *** [CMakeFiles/rgbd.dir/build.make:76: CMakeFiles/rgbd.dir/src/rgbd/rgbd-slam-node.cpp.o] Error 1
[1.503s] make[1]: *** [CMakeFiles/Makefile2:138: CMakeFiles/rgbd.dir/all] Error 2
[1.503s] make: *** [Makefile:141: all] Error 2
[1.503s] Invoked command in '/home/hkim/development/tello_ros_ws/build/orbslam3' returned '2': CMAKE_PREFIX_PATH=${CMAKE_PREFIX_PATH}:/opt/ros/foxy /usr/bin/cmake --build /home/hkim/development/tello_ros_ws/build/orbslam3 -- -j4 -l4
