-- Found ament_cmake: 0.9.12 (/opt/ros/foxy/share/ament_cmake/cmake)
-- Using PYTHON_EXECUTABLE: /usr/bin/python3
-- Override CMake install command with custom implementation using symlinks instead of copying resources
-- Found rclcpp: 2.4.3 (/opt/ros/foxy/share/rclcpp/cmake)
-- Using all available rosidl_typesupport_c: rosidl_typesupport_fastrtps_c;rosidl_typesupport_introspection_c
-- Found rosidl_adapter: 1.3.1 (/opt/ros/foxy/share/rosidl_adapter/cmake)
-- Using all available rosidl_typesupport_cpp: rosidl_typesupport_fastrtps_cpp;rosidl_typesupport_introspection_cpp
-- Found rmw_implementation_cmake: 1.0.4 (/opt/ros/foxy/share/rmw_implementation_cmake/cmake)
-- Using RMW implementation 'rmw_fastrtps_cpp' as default
-- Found sensor_msgs: 2.0.5 (/opt/ros/foxy/share/sensor_msgs/cmake)
-- Found cv_bridge: 3.0.7 (/opt/ros/foxy/share/cv_bridge/cmake)
-- Found message_filters: 3.2.7 (/opt/ros/foxy/share/message_filters/cmake)
-- Configuring done
-- Generating done
-- Build files have been written to: /home/hkim/development/tello_ros_ws/build/orbslam3
make[2]: *** No rule to make target '/home/hkim/development/tello_ros_ws/src/ORB_SLAM3/lib/libORB_SLAM3.so', needed by 'rgbd'.  Stop.
make[1]: *** [CMakeFiles/Makefile2:138: CMakeFiles/rgbd.dir/all] Error 2
make[1]: *** Waiting for unfinished jobs....
make[2]: *** No rule to make target '/home/hkim/development/tello_ros_ws/src/ORB_SLAM3/lib/libORB_SLAM3.so', needed by 'stereo'.  Stop.
make[1]: *** [CMakeFiles/Makefile2:111: CMakeFiles/stereo.dir/all] Error 2
make[2]: *** No rule to make target '/home/hkim/development/tello_ros_ws/src/ORB_SLAM3/lib/libORB_SLAM3.so', needed by 'mono'.  Stop.
make[1]: *** [CMakeFiles/Makefile2:165: CMakeFiles/mono.dir/all] Error 2
make[2]: *** No rule to make target '/home/hkim/development/tello_ros_ws/src/ORB_SLAM3/lib/libORB_SLAM3.so', needed by 'stereo-inertial'.  Stop.
make[1]: *** [CMakeFiles/Makefile2:84: CMakeFiles/stereo-inertial.dir/all] Error 2
make: *** [Makefile:141: all] Error 2
