[0.018s] Invoking command in '/home/hkim/development/tello_ros_ws/build/orbslam3': CMAKE_PREFIX_PATH=/opt/ros/foxy /usr/bin/cmake /home/hkim/development/tello_ros_ws/src/orbslam3_ros2 -DAMENT_CMAKE_SYMLINK_INSTALL=1 -DCMAKE_INSTALL_PREFIX=/home/hkim/development/tello_ros_ws/install/orbslam3
[0.038s] -- Found ament_cmake: 0.9.12 (/opt/ros/foxy/share/ament_cmake/cmake)
[0.068s] -- Using PYTHON_EXECUTABLE: /usr/bin/python3
[0.279s] -- Override CMake install command with custom implementation using symlinks instead of copying resources
[0.292s] -- Found rclcpp: 2.4.3 (/opt/ros/foxy/share/rclcpp/cmake)
[0.350s] -- Using all available rosidl_typesupport_c: rosidl_typesupport_fastrtps_c;rosidl_typesupport_introspection_c
[0.357s] -- Found rosidl_adapter: 1.3.1 (/opt/ros/foxy/share/rosidl_adapter/cmake)
[0.542s] -- Using all available rosidl_typesupport_cpp: rosidl_typesupport_fastrtps_cpp;rosidl_typesupport_introspection_cpp
[0.607s] -- Found rmw_implementation_cmake: 1.0.4 (/opt/ros/foxy/share/rmw_implementation_cmake/cmake)
[0.609s] -- Using RMW implementation 'rmw_fastrtps_cpp' as default
[0.778s] -- Found sensor_msgs: 2.0.5 (/opt/ros/foxy/share/sensor_msgs/cmake)
[0.909s] -- Found cv_bridge: 3.0.7 (/opt/ros/foxy/share/cv_bridge/cmake)
[0.938s] -- Found message_filters: 3.2.7 (/opt/ros/foxy/share/message_filters/cmake)
[1.071s] -- Configuring done
[1.202s] -- Generating done
[1.205s] -- Build files have been written to: /home/hkim/development/tello_ros_ws/build/orbslam3
[1.217s] Invoked command in '/home/hkim/development/tello_ros_ws/build/orbslam3' returned '0': CMAKE_PREFIX_PATH=/opt/ros/foxy /usr/bin/cmake /home/hkim/development/tello_ros_ws/src/orbslam3_ros2 -DAMENT_CMAKE_SYMLINK_INSTALL=1 -DCMAKE_INSTALL_PREFIX=/home/hkim/development/tello_ros_ws/install/orbslam3
[1.221s] Invoking command in '/home/hkim/development/tello_ros_ws/build/orbslam3': CMAKE_PREFIX_PATH=/opt/ros/foxy /usr/bin/cmake --build /home/hkim/development/tello_ros_ws/build/orbslam3 -- -j4 -l4
[1.352s] make[2]: *** No rule to make target '/home/hkim/development/tello_ros_ws/src/ORB_SLAM3/lib/libORB_SLAM3.so', needed by 'rgbd'.  Stop.
[1.353s] make[1]: *** [CMakeFiles/Makefile2:138: CMakeFiles/rgbd.dir/all] Error 2
[1.355s] make[1]: *** Waiting for unfinished jobs....
[1.375s] make[2]: *** No rule to make target '/home/hkim/development/tello_ros_ws/src/ORB_SLAM3/lib/libORB_SLAM3.so', needed by 'stereo'.  Stop.
[1.376s] make[1]: *** [CMakeFiles/Makefile2:111: CMakeFiles/stereo.dir/all] Error 2
[1.377s] make[2]: *** No rule to make target '/home/hkim/development/tello_ros_ws/src/ORB_SLAM3/lib/libORB_SLAM3.so', needed by 'mono'.  Stop.
[1.377s] make[1]: *** [CMakeFiles/Makefile2:165: CMakeFiles/mono.dir/all] Error 2
[1.386s] make[2]: *** No rule to make target '/home/hkim/development/tello_ros_ws/src/ORB_SLAM3/lib/libORB_SLAM3.so', needed by 'stereo-inertial'.  Stop.
[1.387s] make[1]: *** [CMakeFiles/Makefile2:84: CMakeFiles/stereo-inertial.dir/all] Error 2
[1.387s] make: *** [Makefile:141: all] Error 2
[1.389s] Invoked command in '/home/hkim/development/tello_ros_ws/build/orbslam3' returned '2': CMAKE_PREFIX_PATH=/opt/ros/foxy /usr/bin/cmake --build /home/hkim/development/tello_ros_ws/build/orbslam3 -- -j4 -l4
